<?xml version="1.0" encoding="UTF-8"?>
<testng-results ignored="0" total="1" passed="1" failed="0" skipped="0">
  <reporter-output>
  </reporter-output>
  <suite started-at="2026-01-18T21:01:30 IST" name="Default suite" finished-at="2026-01-18T21:01:58 IST" duration-ms="28525">
    <groups>
    </groups>
    <test started-at="2026-01-18T21:01:30 IST" name="Default test" finished-at="2026-01-18T21:01:58 IST" duration-ms="28525">
      <class name="tests.LoginTest">
        <test-method is-config="true" signature="setup()[pri:0, instance:tests.LoginTest@4c583ecf]" started-at="2026-01-18T21:01:30 IST" name="setup" finished-at="2026-01-18T21:01:57 IST" duration-ms="26492" status="PASS">
          <reporter-output>
          </reporter-output>
        </test-method> <!-- setup -->
        <test-method signature="testValidLogin()[pri:0, instance:tests.LoginTest@4c583ecf]" started-at="2026-01-18T21:01:57 IST" name="testValidLogin" finished-at="2026-01-18T21:01:58 IST" duration-ms="1549" status="PASS">
          <reporter-output>
          </reporter-output>
        </test-method> <!-- testValidLogin -->
        <test-method is-config="true" signature="tearDown()[pri:0, instance:tests.LoginTest@4c583ecf]" started-at="2026-01-18T21:01:58 IST" name="tearDown" finished-at="2026-01-18T21:01:58 IST" duration-ms="391" status="PASS">
          <reporter-output>
          </reporter-output>
        </test-method> <!-- tearDown -->
      </class> <!-- tests.LoginTest -->
    </test> <!-- Default test -->
  </suite> <!-- Default suite -->
</testng-results>
